\BOOKMARK [1][-]{section.1}{\376\377\000E\000x\000e\000c\000u\000t\000i\000v\000e\000\040\000S\000u\000m\000m\000a\000r\000y}{}% 1
\BOOKMARK [2][-]{subsection.1.1}{\376\377\000P\000r\000o\000j\000e\000c\000t\000\040\000O\000v\000e\000r\000v\000i\000e\000w}{section.1}% 2
\BOOKMARK [2][-]{subsection.1.2}{\376\377\000K\000e\000y\000\040\000A\000c\000h\000i\000e\000v\000e\000m\000e\000n\000t\000s}{section.1}% 3
\BOOKMARK [1][-]{section.2}{\376\377\000P\000r\000o\000b\000l\000e\000m\000\040\000S\000t\000a\000t\000e\000m\000e\000n\000t}{}% 4
\BOOKMARK [2][-]{subsection.2.1}{\376\377\000R\000e\000a\000l\000-\000W\000o\000r\000l\000d\000\040\000C\000o\000n\000t\000e\000x\000t}{section.2}% 5
\BOOKMARK [2][-]{subsection.2.2}{\376\377\000T\000e\000c\000h\000n\000i\000c\000a\000l\000\040\000C\000h\000a\000l\000l\000e\000n\000g\000e}{section.2}% 6
\BOOKMARK [2][-]{subsection.2.3}{\376\377\000P\000r\000o\000j\000e\000c\000t\000\040\000G\000o\000a\000l\000s}{section.2}% 7
\BOOKMARK [1][-]{section.3}{\376\377\000M\000a\000t\000h\000e\000m\000a\000t\000i\000c\000a\000l\000\040\000F\000o\000r\000m\000u\000l\000a\000t\000i\000o\000n}{}% 8
\BOOKMARK [2][-]{subsection.3.1}{\376\377\000C\000o\000r\000e\000\040\000O\000p\000t\000i\000m\000i\000z\000a\000t\000i\000o\000n\000\040\000P\000r\000o\000b\000l\000e\000m}{section.3}% 9
\BOOKMARK [3][-]{subsubsection.3.1.1}{\376\377\000D\000e\000c\000i\000s\000i\000o\000n\000\040\000V\000a\000r\000i\000a\000b\000l\000e\000s}{subsection.3.1}% 10
\BOOKMARK [3][-]{subsubsection.3.1.2}{\376\377\000O\000b\000j\000e\000c\000t\000i\000v\000e\000\040\000F\000u\000n\000c\000t\000i\000o\000n}{subsection.3.1}% 11
\BOOKMARK [3][-]{subsubsection.3.1.3}{\376\377\000C\000o\000n\000s\000t\000r\000a\000i\000n\000t\000s}{subsection.3.1}% 12
\BOOKMARK [2][-]{subsection.3.2}{\376\377\000U\000t\000i\000l\000i\000t\000y\000\040\000F\000u\000n\000c\000t\000i\000o\000n\000s}{section.3}% 13
\BOOKMARK [3][-]{subsubsection.3.2.1}{\376\377\000L\000o\000g\000a\000r\000i\000t\000h\000m\000i\000c\000\040\000U\000t\000i\000l\000i\000t\000y\000\040\000\050\000P\000r\000o\000p\000o\000r\000t\000i\000o\000n\000a\000l\000\040\000F\000a\000i\000r\000n\000e\000s\000s\000\051}{subsection.3.2}% 14
\BOOKMARK [3][-]{subsubsection.3.2.2}{\376\377\000S\000q\000u\000a\000r\000e\000\040\000R\000o\000o\000t\000\040\000U\000t\000i\000l\000i\000t\000y\000\040\000\050\000B\000a\000l\000a\000n\000c\000e\000d\000\040\000F\000a\000i\000r\000n\000e\000s\000s\000\051}{subsection.3.2}% 15
\BOOKMARK [3][-]{subsubsection.3.2.3}{\376\377\000L\000i\000n\000e\000a\000r\000\040\000U\000t\000i\000l\000i\000t\000y\000\040\000\050\000M\000a\000x\000i\000m\000u\000m\000\040\000E\000f\000f\000i\000c\000i\000e\000n\000c\000y\000\051}{subsection.3.2}% 16
\BOOKMARK [3][-]{subsubsection.3.2.4}{\376\377\000A\000l\000p\000h\000a\000-\000F\000a\000i\000r\000\040\000U\000t\000i\000l\000i\000t\000y\000\040\000\050\000P\000a\000r\000a\000m\000e\000t\000e\000r\000i\000z\000e\000d\000\051}{subsection.3.2}% 17
\BOOKMARK [2][-]{subsection.3.3}{\376\377\000C\000o\000n\000v\000e\000x\000i\000t\000y\000\040\000A\000n\000a\000l\000y\000s\000i\000s}{section.3}% 18
\BOOKMARK [1][-]{section.4}{\376\377\000T\000i\000e\000r\000-\000B\000a\000s\000e\000d\000\040\000O\000p\000t\000i\000m\000i\000z\000a\000t\000i\000o\000n\000\040\000S\000t\000r\000a\000t\000e\000g\000y}{}% 19
\BOOKMARK [2][-]{subsection.4.1}{\376\377\000T\000h\000r\000e\000e\000-\000T\000i\000e\000r\000\040\000H\000i\000e\000r\000a\000r\000c\000h\000y}{section.4}% 20
\BOOKMARK [2][-]{subsection.4.2}{\376\377\000T\000i\000e\000r\000\040\000C\000o\000n\000f\000i\000g\000u\000r\000a\000t\000i\000o\000n}{section.4}% 21
\BOOKMARK [2][-]{subsection.4.3}{\376\377\000T\000h\000r\000e\000e\000-\000P\000h\000a\000s\000e\000\040\000A\000l\000l\000o\000c\000a\000t\000i\000o\000n\000\040\000A\000l\000g\000o\000r\000i\000t\000h\000m}{section.4}% 22
\BOOKMARK [2][-]{subsection.4.4}{\376\377\000A\000l\000l\000o\000c\000a\000t\000i\000o\000n\000\040\000W\000e\000i\000g\000h\000t\000s}{section.4}% 23
\BOOKMARK [1][-]{section.5}{\376\377\000E\00